"../../../Engine/Content/EditorLandscapeResources/DefaultAlphaTexture.uasset" 0
"../../../Engine/Content/EditorLandscapeResources/DefaultAlphaTexture.uexp" 1
"../../../Engine/Content/EditorLandscapeResources/DataLayer.uasset" 2
"../../../Engine/Content/EditorLandscapeResources/DataLayer.uexp" 3
"../../../Engine/Content/EditorMaterials/PreviewShadowIndicator.ubulk" 4
"../../../Engine/Content/EditorMaterials/PreviewShadowIndicator.uasset" 5
"../../../Engine/Content/EditorMaterials/PreviewShadowIndicator.uexp" 6
"../../../Engine/Content/EditorMaterials/PreviewShadowIndicatorMaterial.uasset" 7
"../../../Engine/Content/EditorMaterials/PreviewShadowIndicatorMaterial.uexp" 8
"../../../Engine/Content/EditorMaterials/MAT_Groups_Visibility.uasset" 9
"../../../Engine/Content/EditorMaterials/MAT_Groups_Visibility.uexp" 10
"../../../Engine/Content/EditorMaterials/MAT_Groups_Toggle.uasset" 11
"../../../Engine/Content/EditorMaterials/MAT_Groups_Toggle.uexp" 12
"../../../Engine/Content/EngineMaterials/T_Default_Material_Grid_M.ubulk" 13
"../../../Engine/Content/EngineMaterials/T_Default_Material_Grid_M.uasset" 14
"../../../Engine/Content/EngineMaterials/T_Default_Material_Grid_M.uexp" 15
"../../../Engine/Content/EngineMaterials/T_Default_Material_Grid_N.ubulk" 16
"../../../Engine/Content/EngineMaterials/T_Default_Material_Grid_N.uasset" 17
"../../../Engine/Content/EngineMaterials/T_Default_Material_Grid_N.uexp" 18
"../../../Engine/Content/Functions/Engine_MaterialFunctions01/Opacity/CameraDepthFade.uasset" 19
"../../../Engine/Content/Functions/Engine_MaterialFunctions01/Opacity/CameraDepthFade.uexp" 20
"../../../Engine/Content/EngineMaterials/DefaultMaterial.uasset" 21
"../../../Engine/Content/EngineMaterials/DefaultMaterial.uexp" 22
"../../../Engine/Content/BasicShapes/Sphere.ubulk" 23
"../../../Engine/Content/BasicShapes/Sphere.uasset" 24
"../../../Engine/Content/BasicShapes/Sphere.uexp" 25
"../../../Engine/Content/EngineMaterials/WorldGridMaterial.uasset" 26
"../../../Engine/Content/EngineMaterials/WorldGridMaterial.uexp" 27
"../../../Engine/Content/BasicShapes/Plane.ubulk" 28
"../../../Engine/Content/BasicShapes/Plane.uasset" 29
"../../../Engine/Content/BasicShapes/Plane.uexp" 30
"../../../Engine/Content/BasicShapes/Cylinder.ubulk" 31
"../../../Engine/Content/BasicShapes/Cylinder.uasset" 32
"../../../Engine/Content/BasicShapes/Cylinder.uexp" 33
"../../../Engine/Content/BasicShapes/Cube.ubulk" 34
"../../../Engine/Content/BasicShapes/Cube.uasset" 35
"../../../Engine/Content/BasicShapes/Cube.uexp" 36
"../../../Engine/Content/BasicShapes/Cone.ubulk" 37
"../../../Engine/Content/BasicShapes/Cone.uasset" 38
"../../../Engine/Content/BasicShapes/Cone.uexp" 39
"../../../Engine/Content/ArtTools/RenderToTexture/Meshes/S_1_Unit_Plane.ubulk" 40
"../../../Engine/Content/ArtTools/RenderToTexture/Meshes/S_1_Unit_Plane.uasset" 41
"../../../Engine/Content/ArtTools/RenderToTexture/Meshes/S_1_Unit_Plane.uexp" 42
"../../../Engine/Content/EditorMaterials/MatineeGroups/MAT_Groups_Vector.uasset" 43
"../../../Engine/Content/EditorMaterials/MatineeGroups/MAT_Groups_Vector.uexp" 44
"../../../Engine/Content/EditorMaterials/MatineeGroups/MAT_Groups_Sound.uasset" 45
"../../../Engine/Content/EditorMaterials/MatineeGroups/MAT_Groups_Sound.uexp" 46
"../../../Engine/Content/EditorMaterials/MatineeGroups/MAT_Groups_Slomo.uasset" 47
"../../../Engine/Content/EditorMaterials/MatineeGroups/MAT_Groups_Slomo.uexp" 48
"../../../Engine/Content/EditorMaterials/MatineeGroups/MAT_Groups_Move.uasset" 49
"../../../Engine/Content/EditorMaterials/MatineeGroups/MAT_Groups_Move.uexp" 50
"../../../Engine/Content/EditorMaterials/MatineeGroups/MAT_Groups_Float.uasset" 51
"../../../Engine/Content/EditorMaterials/MatineeGroups/MAT_Groups_Float.uexp" 52
"../../../Engine/Content/EditorMaterials/MatineeGroups/MAT_Groups_Fade.uasset" 53
"../../../Engine/Content/EditorMaterials/MatineeGroups/MAT_Groups_Fade.uexp" 54
"../../../Engine/Content/EditorMaterials/MatineeGroups/MAT_Groups_Event.uasset" 55
"../../../Engine/Content/EditorMaterials/MatineeGroups/MAT_Groups_Event.uexp" 56
"../../../Engine/Content/EditorMaterials/MatineeGroups/MAT_Groups_Director.uasset" 57
"../../../Engine/Content/EditorMaterials/MatineeGroups/MAT_Groups_Director.uexp" 58
"../../../Engine/Content/EditorMaterials/MatineeGroups/MAT_Groups_AudioMaster.uasset" 59
"../../../Engine/Content/EditorMaterials/MatineeGroups/MAT_Groups_AudioMaster.uexp" 60
"../../../Engine/Content/EditorMaterials/MatineeGroups/MAT_Groups_Anim.uasset" 61
"../../../Engine/Content/EditorMaterials/MatineeGroups/MAT_Groups_Anim.uexp" 62
"../../../Engine/Content/EditorMaterials/MatineeGroups/MAT_ColorTrack.uasset" 63
"../../../Engine/Content/EditorMaterials/MatineeGroups/MAT_ColorTrack.uexp" 64
"../../../Engine/Content/EditorMaterials/ParticleSystems/PSysThumbnail_OOD.ubulk" 65
"../../../Engine/Content/EditorMaterials/ParticleSystems/PSysThumbnail_OOD.uasset" 66
"../../../Engine/Content/EditorMaterials/ParticleSystems/PSysThumbnail_OOD.uexp" 67
"../../../Engine/Content/EditorMaterials/ParticleSystems/PSysThumbnail_NoImage.ubulk" 68
"../../../Engine/Content/EditorMaterials/ParticleSystems/PSysThumbnail_NoImage.uasset" 69
"../../../Engine/Content/EditorMaterials/ParticleSystems/PSysThumbnail_NoImage.uexp" 70
"../../../Engine/Content/Functions/Engine_MaterialFunctions02/Utility/MakeFloat4.uasset" 71
"../../../Engine/Content/Functions/Engine_MaterialFunctions02/Utility/MakeFloat4.uexp" 72
"../../../Engine/Content/Functions/Engine_MaterialFunctions02/Utility/MakeFloat3.uasset" 73
"../../../Engine/Content/Functions/Engine_MaterialFunctions02/Utility/MakeFloat3.uexp" 74
"../../../Engine/Content/Functions/Engine_MaterialFunctions02/Utility/BreakOutFloat3Components.uasset" 75
"../../../Engine/Content/Functions/Engine_MaterialFunctions02/Utility/BreakOutFloat3Components.uexp" 76
"../../../Engine/Content/EditorMaterials/WorldPartition/WorldPartitionSpatialHashGridPreviewMaterial.uasset" 77
"../../../Engine/Content/EditorMaterials/WorldPartition/WorldPartitionSpatialHashGridPreviewMaterial.uexp" 78
"../../../Engine/Content/EditorMaterials/Camera/CineMat.uasset" 79
"../../../Engine/Content/EditorMaterials/Camera/CineMat.uexp" 80
"../../../Engine/Content/EditorMaterials/Camera/MI_CineMat_Rig.uasset" 81
"../../../Engine/Content/EditorMaterials/Camera/MI_CineMat_Rig.uexp" 82
"../../../Engine/Content/EditorMeshes/Camera/SM_RailRig_Track.ubulk" 83
"../../../Engine/Content/EditorMeshes/Camera/SM_RailRig_Track.uasset" 84
"../../../Engine/Content/EditorMeshes/Camera/SM_RailRig_Track.uexp" 85
"../../../Engine/Content/EditorMeshes/Camera/SM_RailRig_Mount.ubulk" 86
"../../../Engine/Content/EditorMeshes/Camera/SM_RailRig_Mount.uasset" 87
"../../../Engine/Content/EditorMeshes/Camera/SM_RailRig_Mount.uexp" 88
"../../../Engine/Content/EditorMeshes/Camera/SM_CraneRig_Mount.ubulk" 89
"../../../Engine/Content/EditorMeshes/Camera/SM_CraneRig_Mount.uasset" 90
"../../../Engine/Content/EditorMeshes/Camera/SM_CraneRig_Mount.uexp" 91
"../../../Engine/Content/EditorMeshes/Camera/SM_CraneRig_Body.ubulk" 92
"../../../Engine/Content/EditorMeshes/Camera/SM_CraneRig_Body.uasset" 93
"../../../Engine/Content/EditorMeshes/Camera/SM_CraneRig_Body.uexp" 94
"../../../Engine/Content/EditorMeshes/Camera/SM_CraneRig_Base.ubulk" 95
"../../../Engine/Content/EditorMeshes/Camera/SM_CraneRig_Base.uasset" 96
"../../../Engine/Content/EditorMeshes/Camera/SM_CraneRig_Base.uexp" 97
"../../../Engine/Content/EditorMeshes/Camera/SM_CraneRig_Arm.ubulk" 98
"../../../Engine/Content/EditorMeshes/Camera/SM_CraneRig_Arm.uasset" 99
"../../../Engine/Content/EditorMeshes/Camera/SM_CraneRig_Arm.uexp" 100
"../../../Engine/Content/EditorResources/S_TriggerSphere.uasset" 101
"../../../Engine/Content/EditorResources/S_TriggerSphere.uexp" 102
"../../../Engine/Content/EditorResources/S_TriggerCapsule.uasset" 103
"../../../Engine/Content/EditorResources/S_TriggerCapsule.uexp" 104
"../../../Engine/Content/EditorResources/S_TriggerBox.uasset" 105
"../../../Engine/Content/EditorResources/S_TriggerBox.uexp" 106
"../../../Engine/Content/EditorResources/S_Trigger.ubulk" 107
"../../../Engine/Content/EditorResources/S_Trigger.uasset" 108
"../../../Engine/Content/EditorResources/S_Trigger.uexp" 109
"../../../Engine/Content/EditorResources/S_Terrain.ubulk" 110
"../../../Engine/Content/EditorResources/S_Terrain.uasset" 111
"../../../Engine/Content/EditorResources/S_Terrain.uexp" 112
"../../../Engine/Content/EditorResources/S_Solver.ubulk" 113
"../../../Engine/Content/EditorResources/S_Solver.uasset" 114
"../../../Engine/Content/EditorResources/S_Solver.uexp" 115
"../../../Engine/Content/EditorResources/S_BoxReflectionCapture.uasset" 116
"../../../Engine/Content/EditorResources/S_BoxReflectionCapture.uexp" 117
"../../../Engine/Content/EditorResources/S_Actor.ubulk" 118
"../../../Engine/Content/EditorResources/S_Actor.uasset" 119
"../../../Engine/Content/EditorResources/S_Actor.uexp" 120
"../../../Engine/Content/EditorResources/EmptyActor.uasset" 121
"../../../Engine/Content/EditorResources/EmptyActor.uexp" 122
"../../../Engine/Content/EditorResources/BSPVertex.uasset" 123
"../../../Engine/Content/EditorResources/BSPVertex.uexp" 124
"../../../Engine/Content/EditorResources/SequenceRecorder/RecordingIndicator.uasset" 125
"../../../Engine/Content/EditorResources/SequenceRecorder/RecordingIndicator.uexp" 126
"../../../Engine/Content/EditorResources/SequenceRecorder/Countdown.uasset" 127
"../../../Engine/Content/EditorResources/SequenceRecorder/Countdown.uexp" 128
"../../../Engine/Content/EngineDamageTypes/DmgTypeBP_Environmental.uasset" 129
"../../../Engine/Content/EngineDamageTypes/DmgTypeBP_Environmental.uexp" 130
"../../../Engine/Content/Functions/Engine_MaterialFunctions02/Utility/CameraDirectionVector.uasset" 131
"../../../Engine/Content/Functions/Engine_MaterialFunctions02/Utility/CameraDirectionVector.uexp" 132
"../../../Engine/Content/EngineDebugMaterials/VolumeToRender.uasset" 133
"../../../Engine/Content/EngineDebugMaterials/VolumeToRender.uexp" 134
"../../../Engine/Content/EngineDebugMaterials/M_VolumeRenderSphereTracePP.uasset" 135
"../../../Engine/Content/EngineDebugMaterials/M_VolumeRenderSphereTracePP.uexp" 136
"../../../Engine/Content/EngineDebugMaterials/M_SimpleUnlitTranslucent.uasset" 137
"../../../Engine/Content/EngineDebugMaterials/M_SimpleUnlitTranslucent.uexp" 138
"../../../Engine/Content/EngineDebugMaterials/DebugMeshMaterial.uasset" 139
"../../../Engine/Content/EngineDebugMaterials/DebugMeshMaterial.uexp" 140
"../../../Engine/Content/EngineDebugMaterials/DebugEditorMaterial.uasset" 141
"../../../Engine/Content/EngineDebugMaterials/DebugEditorMaterial.uexp" 142
"../../../Engine/Content/EngineFonts/Faces/RobotoLight.uexp" 143
"../../../Engine/Content/EngineFonts/Faces/RobotoLight.uasset" 144
"../../../Engine/Content/EngineFonts/Faces/RobotoLight.ufont" 145
"../../../Engine/Content/EngineFonts/Faces/RobotoBold.uexp" 146
"../../../Engine/Content/EngineFonts/Faces/RobotoBold.uasset" 147
"../../../Engine/Content/EngineFonts/Faces/RobotoBold.ufont" 148
"../../../Engine/Content/EngineFonts/Faces/RobotoRegular.uexp" 149
"../../../Engine/Content/EngineFonts/Faces/RobotoRegular.uasset" 150
"../../../Engine/Content/EngineFonts/Faces/RobotoRegular.ufont" 151
"../../../Engine/Content/EngineFonts/Faces/DroidSansFallback.uexp" 152
"../../../Engine/Content/EngineFonts/Faces/DroidSansFallback.uasset" 153
"../../../Engine/Content/EngineFonts/Faces/DroidSansFallback.ufont" 154
"../../../Engine/Content/EngineFonts/Faces/RobotoItalic.uexp" 155
"../../../Engine/Content/EngineFonts/Faces/RobotoItalic.uasset" 156
"../../../Engine/Content/EngineFonts/Faces/RobotoItalic.ufont" 157
"../../../Engine/Content/EngineFonts/Faces/RobotoBoldItalic.uexp" 158
"../../../Engine/Content/EngineFonts/Faces/RobotoBoldItalic.uasset" 159
"../../../Engine/Content/EngineFonts/Faces/RobotoBoldItalic.ufont" 160
"../../../Engine/Content/EngineFonts/Roboto.uasset" 161
"../../../Engine/Content/EngineFonts/Roboto.uexp" 162
"../../../Engine/Content/EngineResources/WhiteSquareTexture.uasset" 163
"../../../Engine/Content/EngineResources/WhiteSquareTexture.uexp" 164
"../../../Engine/Content/EngineMaterials/Widget3DPassThrough.uasset" 165
"../../../Engine/Content/EngineMaterials/Widget3DPassThrough.uexp" 166
"../../../Engine/Content/EngineMaterials/Widget3DPassThrough_Translucent.uasset" 167
"../../../Engine/Content/EngineMaterials/Widget3DPassThrough_Translucent.uexp" 168
"../../../Engine/Content/EngineMaterials/Widget3DPassThrough_Translucent_OneSided.uasset" 169
"../../../Engine/Content/EngineMaterials/Widget3DPassThrough_Translucent_OneSided.uexp" 170
"../../../Engine/Content/EngineMaterials/Widget3DPassThrough_Opaque.uasset" 171
"../../../Engine/Content/EngineMaterials/Widget3DPassThrough_Opaque.uexp" 172
"../../../Engine/Content/EngineMaterials/Widget3DPassThrough_Opaque_OneSided.uasset" 173
"../../../Engine/Content/EngineMaterials/Widget3DPassThrough_Opaque_OneSided.uexp" 174
"../../../Engine/Content/EngineMaterials/Widget3DPassThrough_Masked_OneSided.uasset" 175
"../../../Engine/Content/EngineMaterials/Widget3DPassThrough_Masked_OneSided.uexp" 176
"../../../Engine/Content/EngineMaterials/Widget3DPassThrough_Masked.uasset" 177
"../../../Engine/Content/EngineMaterials/Widget3DPassThrough_Masked.uexp" 178
"../../../Engine/Content/EngineMaterials/WeightMapPlaceholderTexture.uasset" 179
"../../../Engine/Content/EngineMaterials/WeightMapPlaceholderTexture.uexp" 180
"../../../Engine/Content/EngineMaterials/RemoveSurfaceMaterial.uasset" 181
"../../../Engine/Content/EngineMaterials/RemoveSurfaceMaterial.uexp" 182
"../../../Engine/Content/EngineMaterials/PreintegratedSkinBRDF.uasset" 183
"../../../Engine/Content/EngineMaterials/PreintegratedSkinBRDF.uexp" 184
"../../../Engine/Content/EngineMaterials/DefaultCalibrationGrayscale.uasset" 185
"../../../Engine/Content/EngineMaterials/DefaultCalibrationGrayscale.uexp" 186
"../../../Engine/Content/EngineMaterials/PPM_DefaultCalibrationGrayscale.uasset" 187
"../../../Engine/Content/EngineMaterials/PPM_DefaultCalibrationGrayscale.uexp" 188
"../../../Engine/Content/EngineMaterials/DefaultCalibrationColor.uasset" 189
"../../../Engine/Content/EngineMaterials/DefaultCalibrationColor.uexp" 190
"../../../Engine/Content/EngineMaterials/PPM_DefaultCalibrationColor.uasset" 191
"../../../Engine/Content/EngineMaterials/PPM_DefaultCalibrationColor.uexp" 192
"../../../Engine/Content/Functions/Engine_MaterialFunctions02/WorldPositionOffset/CameraOffset.uasset" 193
"../../../Engine/Content/Functions/Engine_MaterialFunctions02/WorldPositionOffset/CameraOffset.uexp" 194
"../../../Engine/Content/EngineMaterials/PhAT_JointLimitMaterial.uasset" 195
"../../../Engine/Content/EngineMaterials/PhAT_JointLimitMaterial.uexp" 196
"../../../Engine/Content/EngineMaterials/InvalidLightmapSettings.ubulk" 197
"../../../Engine/Content/EngineMaterials/InvalidLightmapSettings.uasset" 198
"../../../Engine/Content/EngineMaterials/InvalidLightmapSettings.uexp" 199
"../../../Engine/Content/EngineMaterials/M_InvalidLightmapSettings.uasset" 200
"../../../Engine/Content/EngineMaterials/M_InvalidLightmapSettings.uexp" 201
"../../../Engine/Content/EngineMaterials/MiniFont.uasset" 202
"../../../Engine/Content/EngineMaterials/MiniFont.uexp" 203
"../../../Engine/Content/EngineMaterials/Good64x64TilingNoiseHighFreq.uasset" 204
"../../../Engine/Content/EngineMaterials/Good64x64TilingNoiseHighFreq.uexp" 205
"../../../Engine/Content/EngineMaterials/GizmoMaterial.uasset" 206
"../../../Engine/Content/EngineMaterials/GizmoMaterial.uexp" 207
"../../../Engine/Content/EngineMaterials/BaseFlattenEmissiveMap_VT.uasset" 208
"../../../Engine/Content/EngineMaterials/BaseFlattenEmissiveMap_VT.uexp" 209
"../../../Engine/Content/EngineMaterials/BaseFlattenGrayscaleMap_VT.uasset" 210
"../../../Engine/Content/EngineMaterials/BaseFlattenGrayscaleMap_VT.uexp" 211
"../../../Engine/Content/EngineMaterials/BaseFlattenLinearColor_VT.uasset" 212
"../../../Engine/Content/EngineMaterials/BaseFlattenLinearColor_VT.uexp" 213
"../../../Engine/Content/EngineMaterials/Black_1x1_EXR_Texture_VT.uasset" 214
"../../../Engine/Content/EngineMaterials/Black_1x1_EXR_Texture_VT.uexp" 215
"../../../Engine/Content/EngineMaterials/BaseFlattenDiffuseMap_VT.uasset" 216
"../../../Engine/Content/EngineMaterials/BaseFlattenDiffuseMap_VT.uexp" 217
"../../../Engine/Content/EngineMaterials/BaseFlattenNormalMap_VT.uasset" 218
"../../../Engine/Content/EngineMaterials/BaseFlattenNormalMap_VT.uexp" 219
"../../../Engine/Content/EngineMaterials/FlattenMaterial_WS_Normal_VT.uasset" 220
"../../../Engine/Content/EngineMaterials/FlattenMaterial_WS_Normal_VT.uexp" 221
"../../../Engine/Content/EngineMaterials/FlattenMaterial_VT.uasset" 222
"../../../Engine/Content/EngineMaterials/FlattenMaterial_VT.uexp" 223
"../../../Engine/Content/EngineMaterials/BaseFlattenNormalMap.uasset" 224
"../../../Engine/Content/EngineMaterials/BaseFlattenNormalMap.uexp" 225
"../../../Engine/Content/EngineMaterials/BaseFlattenGrayscaleMap.uasset" 226
"../../../Engine/Content/EngineMaterials/BaseFlattenGrayscaleMap.uexp" 227
"../../../Engine/Content/EngineMaterials/BaseFlattenDiffuseMap.uasset" 228
"../../../Engine/Content/EngineMaterials/BaseFlattenDiffuseMap.uexp" 229
"../../../Engine/Content/Functions/Engine_MaterialFunctions02/PivotPainter2/Black_1x1_EXR_Texture.uasset" 230
"../../../Engine/Content/Functions/Engine_MaterialFunctions02/PivotPainter2/Black_1x1_EXR_Texture.uexp" 231
"../../../Engine/Content/EngineMaterials/BaseFlattenEmissiveMap.uasset" 232
"../../../Engine/Content/EngineMaterials/BaseFlattenEmissiveMap.uexp" 233
"../../../Engine/Content/EngineMaterials/BaseFlattenLinearColor.uasset" 234
"../../../Engine/Content/EngineMaterials/BaseFlattenLinearColor.uexp" 235
"../../../Engine/Content/EngineMaterials/FlattenMaterial.uasset" 236
"../../../Engine/Content/EngineMaterials/FlattenMaterial.uexp" 237
"../../../Engine/Content/EngineMaterials/DefaultWhiteGrid_Low.uasset" 238
"../../../Engine/Content/EngineMaterials/DefaultWhiteGrid_Low.uexp" 239
"../../../Engine/Content/EngineMaterials/EmissiveMeshMaterial.uasset" 240
"../../../Engine/Content/EngineMaterials/EmissiveMeshMaterial.uexp" 241
"../../../Engine/Content/EngineMaterials/DefaultWhiteGrid.ubulk" 242
"../../../Engine/Content/EngineMaterials/DefaultWhiteGrid.uasset" 243
"../../../Engine/Content/EngineMaterials/DefaultWhiteGrid.uexp" 244
"../../../Engine/Content/EngineFonts/RobotoDistanceField.uasset" 245
"../../../Engine/Content/EngineFonts/RobotoDistanceField.uexp" 246
"../../../Engine/Content/EngineMaterials/DefaultTextMaterialOpaque.uasset" 247
"../../../Engine/Content/EngineMaterials/DefaultTextMaterialOpaque.uexp" 248
"../../../Engine/Content/EngineMaterials/DefaultDiffuse.ubulk" 249
"../../../Engine/Content/EngineMaterials/DefaultDiffuse.uasset" 250
"../../../Engine/Content/EngineMaterials/DefaultDiffuse.uexp" 251
"../../../Engine/Content/Functions/Engine_MaterialFunctions02/Utility/BreakOutFloat2Components.uasset" 252
"../../../Engine/Content/Functions/Engine_MaterialFunctions02/Utility/BreakOutFloat2Components.uexp" 253
"../../../Engine/Content/EngineMaterials/DefaultPostProcessMaterial.uasset" 254
"../../../Engine/Content/EngineMaterials/DefaultPostProcessMaterial.uexp" 255
"../../../Engine/Content/EngineMaterials/DefaultPhysicalMaterial.uasset" 256
"../../../Engine/Content/EngineMaterials/DefaultPhysicalMaterial.uexp" 257
"../../../Engine/Content/EngineMaterials/DefaultLightFunctionMaterial.uasset" 258
"../../../Engine/Content/EngineMaterials/DefaultLightFunctionMaterial.uexp" 259
"../../../Engine/Content/EngineMaterials/DefaultDestructiblePhysicalMaterial.uasset" 260
"../../../Engine/Content/EngineMaterials/DefaultDestructiblePhysicalMaterial.uexp" 261
"../../../Engine/Content/EngineMaterials/DefaultDeferredDecalMaterial.uasset" 262
"../../../Engine/Content/EngineMaterials/DefaultDeferredDecalMaterial.uexp" 263
"../../../Engine/Content/EngineMaterials/DefaultBokeh.uasset" 264
"../../../Engine/Content/EngineMaterials/DefaultBokeh.uexp" 265
"../../../Engine/Content/EngineMaterials/DefaultBloomKernel.uasset" 266
"../../../Engine/Content/EngineMaterials/DefaultBloomKernel.uexp" 267
"../../../Engine/Content/EngineMaterials/BlueNoise.uasset" 268
"../../../Engine/Content/EngineMaterials/BlueNoise.uexp" 269
"../../../Engine/Content/EngineMeshes/Sphere.ubulk" 270
"../../../Engine/Content/EngineMeshes/Sphere.uasset" 271
"../../../Engine/Content/EngineMeshes/Sphere.uexp" 272
"../../../Engine/Content/EngineResources/GradientTexture0.uasset" 273
"../../../Engine/Content/EngineResources/GradientTexture0.uexp" 274
"../../../Engine/Content/EngineResources/DefaultVolumeTexture2D.uasset" 275
"../../../Engine/Content/EngineResources/DefaultVolumeTexture2D.uexp" 276
"../../../Engine/Content/EngineResources/DefaultVolumeTexture.uasset" 277
"../../../Engine/Content/EngineResources/DefaultVolumeTexture.uexp" 278
"../../../Engine/Content/EngineResources/DefaultTextureCube.uasset" 279
"../../../Engine/Content/EngineResources/DefaultTextureCube.uexp" 280
"../../../Engine/Content/EngineResources/DefaultTexture.ubulk" 281
"../../../Engine/Content/EngineResources/DefaultTexture.uasset" 282
"../../../Engine/Content/EngineResources/DefaultTexture.uexp" 283
"../../../Engine/Content/EngineResources/Black.uasset" 284
"../../../Engine/Content/EngineResources/Black.uexp" 285
"../../../Engine/Content/EngineResources/FilmGrains/Marcie_Grain_v3_128_M2_000.uasset" 286
"../../../Engine/Content/EngineResources/FilmGrains/Marcie_Grain_v3_128_M2_000.uexp" 287
"../../../Engine/Content/EngineSky/VolumetricClouds/CloudWeatherTexture.uasset" 288
"../../../Engine/Content/EngineSky/VolumetricClouds/CloudWeatherTexture.uexp" 289
"../../../Engine/Content/Functions/Engine_MaterialFunctions02/Utility/MakeFloat2.uasset" 290
"../../../Engine/Content/Functions/Engine_MaterialFunctions02/Utility/MakeFloat2.uexp" 291
"../../../Engine/Content/EngineSky/VolumetricClouds/CloudGradientTexture.uasset" 292
"../../../Engine/Content/EngineSky/VolumetricClouds/CloudGradientTexture.uexp" 293
"../../../Engine/Content/EngineSky/VolumetricClouds/T_NoiseShape64.ubulk" 294
"../../../Engine/Content/EngineSky/VolumetricClouds/T_NoiseShape64.uasset" 295
"../../../Engine/Content/EngineSky/VolumetricClouds/T_NoiseShape64.uexp" 296
"../../../Engine/Content/EngineSky/VolumetricClouds/T_VolumeNoiseShape64.uasset" 297
"../../../Engine/Content/EngineSky/VolumetricClouds/T_VolumeNoiseShape64.uexp" 298
"../../../Engine/Content/EngineSky/VolumetricClouds/T_NoiseErosion.ubulk" 299
"../../../Engine/Content/EngineSky/VolumetricClouds/T_NoiseErosion.uasset" 300
"../../../Engine/Content/EngineSky/VolumetricClouds/T_NoiseErosion.uexp" 301
"../../../Engine/Content/EngineSky/VolumetricClouds/T_VolumeNoiseErosion32.uasset" 302
"../../../Engine/Content/EngineSky/VolumetricClouds/T_VolumeNoiseErosion32.uexp" 303
"../../../Engine/Content/EngineSky/VolumetricClouds/m_SimpleVolumetricCloud.uasset" 304
"../../../Engine/Content/EngineSky/VolumetricClouds/m_SimpleVolumetricCloud.uexp" 305
"../../../Engine/Content/EngineSky/VolumetricClouds/m_SimpleVolumetricCloud_Inst.uasset" 306
"../../../Engine/Content/EngineSky/VolumetricClouds/m_SimpleVolumetricCloud_Inst.uexp" 307
"../../../Engine/Content/EngineSounds/Master.uasset" 308
"../../../Engine/Content/EngineSounds/Master.uexp" 309
"../../../Engine/Content/Functions/Engine_MaterialFunctions01/Shading/PowerToRoughness.uasset" 310
"../../../Engine/Content/Functions/Engine_MaterialFunctions01/Shading/PowerToRoughness.uexp" 311
"../../../Engine/Content/Functions/Engine_MaterialFunctions01/Shading/ConvertFromDiffSpec.uasset" 312
"../../../Engine/Content/Functions/Engine_MaterialFunctions01/Shading/ConvertFromDiffSpec.uexp" 313
"../../../Engine/Content/Tutorial/ContentIntroCurve.uasset" 314
"../../../Engine/Content/Tutorial/ContentIntroCurve.uexp" 315
"../../../Engine/Content/VREditor/TransformGizmo/Main.uasset" 316
"../../../Engine/Content/VREditor/TransformGizmo/Main.uexp" 317
"../../../Engine/Content/VREditor/TransformGizmo/Xray.uasset" 318
"../../../Engine/Content/VREditor/TransformGizmo/Xray.uexp" 319
"../../../Engine/Content/VREditor/TransformGizmo/SM_Sequencer_Node.ubulk" 320
"../../../Engine/Content/VREditor/TransformGizmo/SM_Sequencer_Node.uasset" 321
"../../../Engine/Content/VREditor/TransformGizmo/SM_Sequencer_Node.uexp" 322
"../../../Engine/Content/VREditor/LaserPointer/VR_LaserPower_01.ubulk" 323
"../../../Engine/Content/VREditor/LaserPointer/VR_LaserPower_01.uasset" 324
"../../../Engine/Content/VREditor/LaserPointer/VR_LaserPower_01.uexp" 325
"../../../Engine/Content/VREditor/TransformGizmo/TransformGizmoMaterial.uasset" 326
"../../../Engine/Content/VREditor/TransformGizmo/TransformGizmoMaterial.uexp" 327
"../../../Engine/Content/VREditor/TransformGizmo/TranslucentTransformGizmoMaterial.uasset" 328
"../../../Engine/Content/VREditor/TransformGizmo/TranslucentTransformGizmoMaterial.uexp" 329
"../../../Engine/Content/VREditor/TransformGizmo/PlaneTranslationHandle.ubulk" 330
"../../../Engine/Content/VREditor/TransformGizmo/PlaneTranslationHandle.uasset" 331
"../../../Engine/Content/VREditor/TransformGizmo/PlaneTranslationHandle.uexp" 332
"../../../Engine/Content/VREditor/TransformGizmo/BoundingBoxEdge.ubulk" 333
"../../../Engine/Content/VREditor/TransformGizmo/BoundingBoxEdge.uasset" 334
"../../../Engine/Content/VREditor/TransformGizmo/BoundingBoxEdge.uexp" 335
"../../../Engine/Content/VREditor/TransformGizmo/BoundingBoxCorner.ubulk" 336
"../../../Engine/Content/VREditor/TransformGizmo/BoundingBoxCorner.uasset" 337
"../../../Engine/Content/VREditor/TransformGizmo/BoundingBoxCorner.uexp" 338
"../../../Engine/Plugins/2D/Paper2D/Content/PlaceholderTextures/DummySpriteTexture.ubulk" 339
"../../../Engine/Plugins/2D/Paper2D/Content/PlaceholderTextures/DummySpriteTexture.uasset" 340
"../../../Engine/Plugins/2D/Paper2D/Content/PlaceholderTextures/DummySpriteTexture.uexp" 341
"../../../Engine/Plugins/2D/Paper2D/Content/DefaultSpriteMaterial.uasset" 342
"../../../Engine/Plugins/2D/Paper2D/Content/DefaultSpriteMaterial.uexp" 343
"../../../Engine/Plugins/2D/Paper2D/Content/OpaqueUnlitSpriteMaterial.uasset" 344
"../../../Engine/Plugins/2D/Paper2D/Content/OpaqueUnlitSpriteMaterial.uexp" 345
"../../../Engine/Plugins/2D/Paper2D/Content/MaskedUnlitSpriteMaterial.uasset" 346
"../../../Engine/Plugins/2D/Paper2D/Content/MaskedUnlitSpriteMaterial.uexp" 347
"../../../Engine/Plugins/2D/Paper2D/Content/DummySprite.uasset" 348
"../../../Engine/Plugins/2D/Paper2D/Content/DummySprite.uexp" 349
"../../../Engine/Plugins/2D/Paper2D/Content/DefaultPaperTerrainMaterial.uasset" 350
"../../../Engine/Plugins/2D/Paper2D/Content/DefaultPaperTerrainMaterial.uexp" 351
"../../../Engine/Plugins/Animation/ControlRig/Content/M_Manip.uasset" 352
"../../../Engine/Plugins/Animation/ControlRig/Content/M_Manip.uexp" 353
"../../../Engine/Plugins/Animation/ControlRig/Content/Controls/DefaultGizmoLibraryNormalized.uasset" 354
"../../../Engine/Plugins/Animation/ControlRig/Content/Controls/DefaultGizmoLibraryNormalized.uexp" 355
"../../../Engine/Plugins/Animation/ControlRig/Content/Controls/ControlRig_Wedge_solid.ubulk" 356
"../../../Engine/Plugins/Animation/ControlRig/Content/Controls/ControlRig_Wedge_solid.uasset" 357
"../../../Engine/Plugins/Animation/ControlRig/Content/Controls/ControlRig_Wedge_solid.uexp" 358
"../../../Engine/Plugins/Animation/ControlRig/Content/Controls/ControlRig_Wedge_3mm.ubulk" 359
"../../../Engine/Plugins/Animation/ControlRig/Content/Controls/ControlRig_Wedge_3mm.uasset" 360
"../../../Engine/Plugins/Animation/ControlRig/Content/Controls/ControlRig_Wedge_3mm.uexp" 361
"../../../Engine/Plugins/Animation/ControlRig/Content/Controls/ControlRig_Wedge_1mm.ubulk" 362
"../../../Engine/Plugins/Animation/ControlRig/Content/Controls/ControlRig_Wedge_1mm.uasset" 363
"../../../Engine/Plugins/Animation/ControlRig/Content/Controls/ControlRig_Wedge_1mm.uexp" 364
"../../../Engine/Plugins/Animation/ControlRig/Content/Controls/ControlRig_Triangle_solid.ubulk" 365
"../../../Engine/Plugins/Animation/ControlRig/Content/Controls/ControlRig_Triangle_solid.uasset" 366
"../../../Engine/Plugins/Animation/ControlRig/Content/Controls/ControlRig_Triangle_solid.uexp" 367
"../../../Engine/Plugins/Animation/ControlRig/Content/Controls/ControlRig_Triangle_3mm.ubulk" 368
"../../../Engine/Plugins/Animation/ControlRig/Content/Controls/ControlRig_Triangle_3mm.uasset" 369
"../../../Engine/Plugins/Animation/ControlRig/Content/Controls/ControlRig_Triangle_3mm.uexp" 370
"../../../Engine/Plugins/Animation/ControlRig/Content/Controls/ControlRig_Triangle_1mm.ubulk" 371
"../../../Engine/Plugins/Animation/ControlRig/Content/Controls/ControlRig_Triangle_1mm.uasset" 372
"../../../Engine/Plugins/Animation/ControlRig/Content/Controls/ControlRig_Triangle_1mm.uexp" 373
"../../../Engine/Plugins/Animation/ControlRig/Content/Controls/ControlRig_Star4_solid.ubulk" 374
"../../../Engine/Plugins/Animation/ControlRig/Content/Controls/ControlRig_Star4_solid.uasset" 375
"../../../Engine/Plugins/Animation/ControlRig/Content/Controls/ControlRig_Star4_solid.uexp" 376
"../../../Engine/Plugins/Animation/ControlRig/Content/Controls/ControlRig_Star4_3mm.ubulk" 377
"../../../Engine/Plugins/Animation/ControlRig/Content/Controls/ControlRig_Star4_3mm.uasset" 378
"../../../Engine/Plugins/Animation/ControlRig/Content/Controls/ControlRig_Star4_3mm.uexp" 379
"../../../Engine/Plugins/Animation/ControlRig/Content/Controls/ControlRig_Star4_1mm.ubulk" 380
"../../../Engine/Plugins/Animation/ControlRig/Content/Controls/ControlRig_Star4_1mm.uasset" 381
"../../../Engine/Plugins/Animation/ControlRig/Content/Controls/ControlRig_Star4_1mm.uexp" 382
"../../../Engine/Plugins/Animation/ControlRig/Content/Controls/ControlRig_Square_solid.ubulk" 383
"../../../Engine/Plugins/Animation/ControlRig/Content/Controls/ControlRig_Square_solid.uasset" 384
"../../../Engine/Plugins/Animation/ControlRig/Content/Controls/ControlRig_Square_solid.uexp" 385
"../../../Engine/Plugins/Animation/ControlRig/Content/Controls/ControlRig_Square_3mm.ubulk" 386
"../../../Engine/Plugins/Animation/ControlRig/Content/Controls/ControlRig_Square_3mm.uasset" 387
"../../../Engine/Plugins/Animation/ControlRig/Content/Controls/ControlRig_Square_3mm.uexp" 388
"../../../Engine/Plugins/Animation/ControlRig/Content/Controls/ControlRig_Square_1mm.ubulk" 389
"../../../Engine/Plugins/Animation/ControlRig/Content/Controls/ControlRig_Square_1mm.uasset" 390
"../../../Engine/Plugins/Animation/ControlRig/Content/Controls/ControlRig_Square_1mm.uexp" 391
"../../../Engine/Plugins/Animation/ControlRig/Content/Controls/ControlRig_Sphere_solid.ubulk" 392
"../../../Engine/Plugins/Animation/ControlRig/Content/Controls/ControlRig_Sphere_solid.uasset" 393
"../../../Engine/Plugins/Animation/ControlRig/Content/Controls/ControlRig_Sphere_solid.uexp" 394
"../../../Engine/Plugins/Animation/ControlRig/Content/Controls/ControlRig_Sphere_3mm.ubulk" 395
"../../../Engine/Plugins/Animation/ControlRig/Content/Controls/ControlRig_Sphere_3mm.uasset" 396
"../../../Engine/Plugins/Animation/ControlRig/Content/Controls/ControlRig_Sphere_3mm.uexp" 397
"../../../Engine/Plugins/Animation/ControlRig/Content/Controls/ControlRig_Sphere_1mm.ubulk" 398
"../../../Engine/Plugins/Animation/ControlRig/Content/Controls/ControlRig_Sphere_1mm.uasset" 399
"../../../Engine/Plugins/Animation/ControlRig/Content/Controls/ControlRig_Sphere_1mm.uexp" 400
"../../../Engine/Plugins/Animation/ControlRig/Content/Controls/ControlRig_RoundedTriangle_solid.ubulk" 401
"../../../Engine/Plugins/Animation/ControlRig/Content/Controls/ControlRig_RoundedTriangle_solid.uasset" 402
"../../../Engine/Plugins/Animation/ControlRig/Content/Controls/ControlRig_RoundedTriangle_solid.uexp" 403
"../../../Engine/Plugins/Animation/ControlRig/Content/Controls/ControlRig_RoundedTriangle_3mm.ubulk" 404
"../../../Engine/Plugins/Animation/ControlRig/Content/Controls/ControlRig_RoundedTriangle_3mm.uasset" 405
"../../../Engine/Plugins/Animation/ControlRig/Content/Controls/ControlRig_RoundedTriangle_3mm.uexp" 406
"../../../Engine/Plugins/Animation/ControlRig/Content/Controls/ControlRig_RoundedTriangle_1mm.ubulk" 407
"../../../Engine/Plugins/Animation/ControlRig/Content/Controls/ControlRig_RoundedTriangle_1mm.uasset" 408
"../../../Engine/Plugins/Animation/ControlRig/Content/Controls/ControlRig_RoundedTriangle_1mm.uexp" 409
"../../../Engine/Plugins/Animation/ControlRig/Content/Controls/ControlRig_RoundedSquare_solid.ubulk" 410
"../../../Engine/Plugins/Animation/ControlRig/Content/Controls/ControlRig_RoundedSquare_solid.uasset" 411
"../../../Engine/Plugins/Animation/ControlRig/Content/Controls/ControlRig_RoundedSquare_solid.uexp" 412
"../../../Engine/Plugins/Animation/ControlRig/Content/Controls/ControlRig_RoundedSquare_3mm.ubulk" 413
"../../../Engine/Plugins/Animation/ControlRig/Content/Controls/ControlRig_RoundedSquare_3mm.uasset" 414
"../../../Engine/Plugins/Animation/ControlRig/Content/Controls/ControlRig_RoundedSquare_3mm.uexp" 415
"../../../Engine/Plugins/Animation/ControlRig/Content/Controls/ControlRig_RoundedSquare_1mm.ubulk" 416
"../../../Engine/Plugins/Animation/ControlRig/Content/Controls/ControlRig_RoundedSquare_1mm.uasset" 417
"../../../Engine/Plugins/Animation/ControlRig/Content/Controls/ControlRig_RoundedSquare_1mm.uexp" 418
"../../../Engine/Plugins/Animation/ControlRig/Content/Controls/ControlRig_QuarterCircle_solid.ubulk" 419
"../../../Engine/Plugins/Animation/ControlRig/Content/Controls/ControlRig_QuarterCircle_solid.uasset" 420
"../../../Engine/Plugins/Animation/ControlRig/Content/Controls/ControlRig_QuarterCircle_solid.uexp" 421
"../../../Engine/Plugins/Animation/ControlRig/Content/Controls/ControlRig_QuarterCircle_3mm.ubulk" 422
"../../../Engine/Plugins/Animation/ControlRig/Content/Controls/ControlRig_QuarterCircle_3mm.uasset" 423
"../../../Engine/Plugins/Animation/ControlRig/Content/Controls/ControlRig_QuarterCircle_3mm.uexp" 424
"../../../Engine/Plugins/Animation/ControlRig/Content/Controls/ControlRig_QuarterCircle_1mm.ubulk" 425
"../../../Engine/Plugins/Animation/ControlRig/Content/Controls/ControlRig_QuarterCircle_1mm.uasset" 426
"../../../Engine/Plugins/Animation/ControlRig/Content/Controls/ControlRig_QuarterCircle_1mm.uexp" 427
"../../../Engine/Plugins/Animation/ControlRig/Content/Controls/ControlRig_Pyramid_solid.ubulk" 428
"../../../Engine/Plugins/Animation/ControlRig/Content/Controls/ControlRig_Pyramid_solid.uasset" 429
"../../../Engine/Plugins/Animation/ControlRig/Content/Controls/ControlRig_Pyramid_solid.uexp" 430
"../../../Engine/Plugins/Animation/ControlRig/Content/Controls/ControlRig_Pyramid_3mm.ubulk" 431
"../../../Engine/Plugins/Animation/ControlRig/Content/Controls/ControlRig_Pyramid_3mm.uasset" 432
"../../../Engine/Plugins/Animation/ControlRig/Content/Controls/ControlRig_Pyramid_3mm.uexp" 433
"../../../Engine/Plugins/Animation/ControlRig/Content/Controls/ControlRig_Pyramid_1mm.ubulk" 434
"../../../Engine/Plugins/Animation/ControlRig/Content/Controls/ControlRig_Pyramid_1mm.uasset" 435
"../../../Engine/Plugins/Animation/ControlRig/Content/Controls/ControlRig_Pyramid_1mm.uexp" 436
"../../../Engine/Plugins/Animation/ControlRig/Content/Controls/ControlRig_Octagon_solid.ubulk" 437
"../../../Engine/Plugins/Animation/ControlRig/Content/Controls/ControlRig_Octagon_solid.uasset" 438
"../../../Engine/Plugins/Animation/ControlRig/Content/Controls/ControlRig_Octagon_solid.uexp" 439
"../../../Engine/Plugins/Animation/ControlRig/Content/Controls/ControlRig_Octagon_3mm.ubulk" 440
"../../../Engine/Plugins/Animation/ControlRig/Content/Controls/ControlRig_Octagon_3mm.uasset" 441
"../../../Engine/Plugins/Animation/ControlRig/Content/Controls/ControlRig_Octagon_3mm.uexp" 442
"../../../Engine/Plugins/Animation/ControlRig/Content/Controls/ControlRig_Octagon_1mm.ubulk" 443
"../../../Engine/Plugins/Animation/ControlRig/Content/Controls/ControlRig_Octagon_1mm.uasset" 444
"../../../Engine/Plugins/Animation/ControlRig/Content/Controls/ControlRig_Octagon_1mm.uexp" 445
"../../../Engine/Plugins/Animation/ControlRig/Content/Controls/ControlRig_Hexagon_solid.ubulk" 446
"../../../Engine/Plugins/Animation/ControlRig/Content/Controls/ControlRig_Hexagon_solid.uasset" 447
"../../../Engine/Plugins/Animation/ControlRig/Content/Controls/ControlRig_Hexagon_solid.uexp" 448
"../../../Engine/Plugins/Animation/ControlRig/Content/Controls/ControlRig_Hexagon_3mm.ubulk" 449
"../../../Engine/Plugins/Animation/ControlRig/Content/Controls/ControlRig_Hexagon_3mm.uasset" 450
"../../../Engine/Plugins/Animation/ControlRig/Content/Controls/ControlRig_Hexagon_3mm.uexp" 451
"../../../Engine/Plugins/Animation/ControlRig/Content/Controls/ControlRig_Hexagon_1mm.ubulk" 452
"../../../Engine/Plugins/Animation/ControlRig/Content/Controls/ControlRig_Hexagon_1mm.uasset" 453
"../../../Engine/Plugins/Animation/ControlRig/Content/Controls/ControlRig_Hexagon_1mm.uexp" 454
"../../../Engine/Plugins/Animation/ControlRig/Content/Controls/ControlRig_HalfCircle_solid.ubulk" 455
"../../../Engine/Plugins/Animation/ControlRig/Content/Controls/ControlRig_HalfCircle_solid.uasset" 456
"../../../Engine/Plugins/Animation/ControlRig/Content/Controls/ControlRig_HalfCircle_solid.uexp" 457
"../../../Engine/Plugins/Animation/ControlRig/Content/Controls/ControlRig_HalfCircle_3mm.ubulk" 458
"../../../Engine/Plugins/Animation/ControlRig/Content/Controls/ControlRig_HalfCircle_3mm.uasset" 459
"../../../Engine/Plugins/Animation/ControlRig/Content/Controls/ControlRig_HalfCircle_3mm.uexp" 460
"../../../Engine/Plugins/Animation/ControlRig/Content/Controls/ControlRig_HalfCircle_1mm.ubulk" 461
"../../../Engine/Plugins/Animation/ControlRig/Content/Controls/ControlRig_HalfCircle_1mm.uasset" 462
"../../../Engine/Plugins/Animation/ControlRig/Content/Controls/ControlRig_HalfCircle_1mm.uexp" 463
"../../../Engine/Plugins/Animation/ControlRig/Content/Controls/ControlRig_Diamond_solid.ubulk" 464
"../../../Engine/Plugins/Animation/ControlRig/Content/Controls/ControlRig_Diamond_solid.uasset" 465
"../../../Engine/Plugins/Animation/ControlRig/Content/Controls/ControlRig_Diamond_solid.uexp" 466
"../../../Engine/Plugins/Animation/ControlRig/Content/Controls/ControlRig_Diamond_3mm.ubulk" 467
"../../../Engine/Plugins/Animation/ControlRig/Content/Controls/ControlRig_Diamond_3mm.uasset" 468
"../../../Engine/Plugins/Animation/ControlRig/Content/Controls/ControlRig_Diamond_3mm.uexp" 469
"../../../Engine/Plugins/Animation/ControlRig/Content/Controls/ControlRig_Diamond_1mm.ubulk" 470
"../../../Engine/Plugins/Animation/ControlRig/Content/Controls/ControlRig_Diamond_1mm.uasset" 471
"../../../Engine/Plugins/Animation/ControlRig/Content/Controls/ControlRig_Diamond_1mm.uexp" 472
"../../../Engine/Plugins/Animation/ControlRig/Content/Controls/ControlRig_Circle_solid.ubulk" 473
"../../../Engine/Plugins/Animation/ControlRig/Content/Controls/ControlRig_Circle_solid.uasset" 474
"../../../Engine/Plugins/Animation/ControlRig/Content/Controls/ControlRig_Circle_solid.uexp" 475
"../../../Engine/Plugins/Animation/ControlRig/Content/Controls/ControlRig_Circle_3mm.ubulk" 476
"../../../Engine/Plugins/Animation/ControlRig/Content/Controls/ControlRig_Circle_3mm.uasset" 477
"../../../Engine/Plugins/Animation/ControlRig/Content/Controls/ControlRig_Circle_3mm.uexp" 478
"../../../Engine/Plugins/Animation/ControlRig/Content/Controls/ControlRig_Circle_1mm.ubulk" 479
"../../../Engine/Plugins/Animation/ControlRig/Content/Controls/ControlRig_Circle_1mm.uasset" 480
"../../../Engine/Plugins/Animation/ControlRig/Content/Controls/ControlRig_Circle_1mm.uexp" 481
"../../../Engine/Plugins/Animation/ControlRig/Content/Controls/ControlRig_Box_solid.ubulk" 482
"../../../Engine/Plugins/Animation/ControlRig/Content/Controls/ControlRig_Box_solid.uasset" 483
"../../../Engine/Plugins/Animation/ControlRig/Content/Controls/ControlRig_Box_solid.uexp" 484
"../../../Engine/Plugins/Animation/ControlRig/Content/Controls/ControlRig_Box_3mm.ubulk" 485
"../../../Engine/Plugins/Animation/ControlRig/Content/Controls/ControlRig_Box_3mm.uasset" 486
"../../../Engine/Plugins/Animation/ControlRig/Content/Controls/ControlRig_Box_3mm.uexp" 487
"../../../Engine/Plugins/Animation/ControlRig/Content/Controls/ControlRig_Box_1mm.ubulk" 488
"../../../Engine/Plugins/Animation/ControlRig/Content/Controls/ControlRig_Box_1mm.uasset" 489
"../../../Engine/Plugins/Animation/ControlRig/Content/Controls/ControlRig_Box_1mm.uexp" 490
"../../../Engine/Plugins/Animation/ControlRig/Content/Controls/ControlRig_Arrow_solid.ubulk" 491
"../../../Engine/Plugins/Animation/ControlRig/Content/Controls/ControlRig_Arrow_solid.uasset" 492
"../../../Engine/Plugins/Animation/ControlRig/Content/Controls/ControlRig_Arrow_solid.uexp" 493
"../../../Engine/Plugins/Animation/ControlRig/Content/Controls/ControlRig_Arrow_3mm.ubulk" 494
"../../../Engine/Plugins/Animation/ControlRig/Content/Controls/ControlRig_Arrow_3mm.uasset" 495
"../../../Engine/Plugins/Animation/ControlRig/Content/Controls/ControlRig_Arrow_3mm.uexp" 496
"../../../Engine/Plugins/Animation/ControlRig/Content/Controls/ControlRig_Arrow_1mm.ubulk" 497
"../../../Engine/Plugins/Animation/ControlRig/Content/Controls/ControlRig_Arrow_1mm.uasset" 498
"../../../Engine/Plugins/Animation/ControlRig/Content/Controls/ControlRig_Arrow_1mm.uexp" 499
"../../../Engine/Plugins/Animation/ControlRig/Content/Controls/ControlRig_Arrow4_solid.ubulk" 500
"../../../Engine/Plugins/Animation/ControlRig/Content/Controls/ControlRig_Arrow4_solid.uasset" 501
"../../../Engine/Plugins/Animation/ControlRig/Content/Controls/ControlRig_Arrow4_solid.uexp" 502
"../../../Engine/Plugins/Animation/ControlRig/Content/Controls/ControlRig_Arrow4_3mm.ubulk" 503
"../../../Engine/Plugins/Animation/ControlRig/Content/Controls/ControlRig_Arrow4_3mm.uasset" 504
"../../../Engine/Plugins/Animation/ControlRig/Content/Controls/ControlRig_Arrow4_3mm.uexp" 505
"../../../Engine/Plugins/Animation/ControlRig/Content/Controls/ControlRig_Arrow4_1mm.ubulk" 506
"../../../Engine/Plugins/Animation/ControlRig/Content/Controls/ControlRig_Arrow4_1mm.uasset" 507
"../../../Engine/Plugins/Animation/ControlRig/Content/Controls/ControlRig_Arrow4_1mm.uexp" 508
"../../../Engine/Plugins/Animation/ControlRig/Content/Controls/ControlRig_Arrow2_solid.ubulk" 509
"../../../Engine/Plugins/Animation/ControlRig/Content/Controls/ControlRig_Arrow2_solid.uasset" 510
"../../../Engine/Plugins/Animation/ControlRig/Content/Controls/ControlRig_Arrow2_solid.uexp" 511
"../../../Engine/Plugins/Animation/ControlRig/Content/Controls/ControlRig_Arrow2_3mm.ubulk" 512
"../../../Engine/Plugins/Animation/ControlRig/Content/Controls/ControlRig_Arrow2_3mm.uasset" 513
"../../../Engine/Plugins/Animation/ControlRig/Content/Controls/ControlRig_Arrow2_3mm.uexp" 514
"../../../Engine/Plugins/Animation/ControlRig/Content/Controls/ControlRig_Arrow2_1mm.ubulk" 515
"../../../Engine/Plugins/Animation/ControlRig/Content/Controls/ControlRig_Arrow2_1mm.uasset" 516
"../../../Engine/Plugins/Animation/ControlRig/Content/Controls/ControlRig_Arrow2_1mm.uexp" 517
"../../../Engine/Plugins/Animation/ControlRig/Content/Controls/ControlRigGizmoMaterial.uasset" 518
"../../../Engine/Plugins/Animation/ControlRig/Content/Controls/ControlRigGizmoMaterial.uexp" 519
"../../../Engine/Plugins/Editor/SpeedTreeImporter/Content/SpeedTree9/game_wind_noise.ubulk" 520
"../../../Engine/Plugins/Editor/SpeedTreeImporter/Content/SpeedTree9/game_wind_noise.uasset" 521
"../../../Engine/Plugins/Editor/SpeedTreeImporter/Content/SpeedTree9/game_wind_noise.uexp" 522
"../../../Engine/Plugins/Editor/SpeedTreeImporter/Content/SpeedTree9/UnpackDirection.uasset" 523
"../../../Engine/Plugins/Editor/SpeedTreeImporter/Content/SpeedTree9/UnpackDirection.uexp" 524
"../../../Engine/Content/Functions/Engine_MaterialFunctions02/ObjectLocalBounds.uasset" 525
"../../../Engine/Content/Functions/Engine_MaterialFunctions02/ObjectLocalBounds.uexp" 526
"../../../Engine/Content/Functions/Engine_MaterialFunctions02/UVs/BoundingBoxBased_0-1_UVW.uasset" 527
"../../../Engine/Content/Functions/Engine_MaterialFunctions02/UVs/BoundingBoxBased_0-1_UVW.uexp" 528
"../../../Engine/Content/Functions/Engine_MaterialFunctions02/Utility/VectorLength.uasset" 529
"../../../Engine/Content/Functions/Engine_MaterialFunctions02/Utility/VectorLength.uexp" 530
"../../../Engine/Plugins/Editor/SpeedTreeImporter/Content/SpeedTree9/UnpackInteger3.uasset" 531
"../../../Engine/Plugins/Editor/SpeedTreeImporter/Content/SpeedTree9/UnpackInteger3.uexp" 532
"../../../Engine/Plugins/Editor/SpeedTreeImporter/Content/SpeedTree9/SpeedTreeCameraFacing.uasset" 533
"../../../Engine/Plugins/Editor/SpeedTreeImporter/Content/SpeedTree9/SpeedTreeCameraFacing.uexp" 534
"../../../Engine/Content/Functions/Engine_MaterialFunctions02/WorldPositionOffset/ObjectScale.uasset" 535
"../../../Engine/Content/Functions/Engine_MaterialFunctions02/WorldPositionOffset/ObjectScale.uexp" 536
"../../../Engine/Content/Functions/Engine_MaterialFunctions02/SafeNormalize.uasset" 537
"../../../Engine/Content/Functions/Engine_MaterialFunctions02/SafeNormalize.uexp" 538
"../../../Engine/Plugins/Editor/SpeedTreeImporter/Content/SpeedTree9/SpeedTreeWindMotion.uasset" 539
"../../../Engine/Plugins/Editor/SpeedTreeImporter/Content/SpeedTree9/SpeedTreeWindMotion.uexp" 540
"../../../Engine/Plugins/Editor/SpeedTreeImporter/Content/SpeedTree9/SpeedTreeBranchMotion.uasset" 541
"../../../Engine/Plugins/Editor/SpeedTreeImporter/Content/SpeedTree9/SpeedTreeBranchMotion.uexp" 542
"../../../Engine/Plugins/Editor/SpeedTreeImporter/Content/SpeedTree9/SpeedTreeWind.uasset" 543
"../../../Engine/Plugins/Editor/SpeedTreeImporter/Content/SpeedTree9/SpeedTreeWind.uexp" 544
"../../../Engine/Plugins/Editor/SpeedTreeImporter/Content/SpeedTree9/EmptyNormal.uasset" 545
"../../../Engine/Plugins/Editor/SpeedTreeImporter/Content/SpeedTree9/EmptyNormal.uexp" 546
"../../../Engine/Plugins/Editor/SpeedTreeImporter/Content/SpeedTree9/Empty.uasset" 547
"../../../Engine/Plugins/Editor/SpeedTreeImporter/Content/SpeedTree9/Empty.uexp" 548
"../../../Engine/Plugins/Editor/SpeedTreeImporter/Content/SpeedTree9/SpeedTreeMaster.uasset" 549
"../../../Engine/Plugins/Editor/SpeedTreeImporter/Content/SpeedTree9/SpeedTreeMaster.uexp" 550
"../../../Engine/Plugins/Editor/SpeedTreeImporter/Content/SpeedTree9/SpeedTreeBillboard.uasset" 551
"../../../Engine/Plugins/Editor/SpeedTreeImporter/Content/SpeedTree9/SpeedTreeBillboard.uexp" 552
"../../../Engine/Plugins/Editor/SpeedTreeImporter/Content/SpeedTree9/SpeedTreeBillboardMaster.uasset" 553
"../../../Engine/Plugins/Editor/SpeedTreeImporter/Content/SpeedTree9/SpeedTreeBillboardMaster.uexp" 554
"../../../Engine/Plugins/Runtime/HairStrands/Content/Materials/HairMeshesDefaultMaterial.uasset" 555
"../../../Engine/Plugins/Runtime/HairStrands/Content/Materials/HairMeshesDefaultMaterial.uexp" 556
"../../../Engine/Plugins/Runtime/HairStrands/Content/Materials/HairDefaultMaterial.uasset" 557
"../../../Engine/Plugins/Runtime/HairStrands/Content/Materials/HairDefaultMaterial.uexp" 558
"../../../Engine/Plugins/Runtime/HairStrands/Content/Materials/HairGroupColors.uasset" 559
"../../../Engine/Plugins/Runtime/HairStrands/Content/Materials/HairGroupColors.uexp" 560
"../../../Engine/Content/EngineMaterials/HairColorMap.uasset" 561
"../../../Engine/Content/EngineMaterials/HairColorMap.uexp" 562
"../../../Engine/Content/EngineMaterials/HairDebugColor.uasset" 563
"../../../Engine/Content/EngineMaterials/HairDebugColor.uexp" 564
"../../../Engine/Plugins/Runtime/HairStrands/Content/Materials/HairDebugMaterial.uasset" 565
"../../../Engine/Plugins/Runtime/HairStrands/Content/Materials/HairDebugMaterial.uexp" 566
"../../../Engine/Plugins/Runtime/HairStrands/Content/Materials/HairCardsDefaultMaterial.uasset" 567
"../../../Engine/Plugins/Runtime/HairStrands/Content/Materials/HairCardsDefaultMaterial.uexp" 568
"C:/Users/Bortok/Documents/GitHub/Project_E/Project_E/Content/Characters/Character/MI_Solid_Red.uasset" 569
"C:/Users/Bortok/Documents/GitHub/Project_E/Project_E/Content/Characters/Character/MI_Solid_Red.uexp" 570
"C:/Users/Bortok/Documents/GitHub/Project_E/Project_E/Content/Materials/pixil-frame-0__1_.uasset" 571
"C:/Users/Bortok/Documents/GitHub/Project_E/Project_E/Content/Materials/pixil-frame-0__1_.uexp" 572
"C:/Users/Bortok/Documents/GitHub/Project_E/Project_E/Content/Materials/red.uasset" 573
"C:/Users/Bortok/Documents/GitHub/Project_E/Project_E/Content/Materials/red.uexp" 574
"C:/Users/Bortok/Documents/GitHub/Project_E/Project_E/Content/Materials/pixil-frame-0.uasset" 575
"C:/Users/Bortok/Documents/GitHub/Project_E/Project_E/Content/Materials/pixil-frame-0.uexp" 576
"C:/Users/Bortok/Documents/GitHub/Project_E/Project_E/Content/Materials/E.uasset" 577
"C:/Users/Bortok/Documents/GitHub/Project_E/Project_E/Content/Materials/E.uexp" 578
"C:/Users/Bortok/Documents/GitHub/Project_E/Project_E/Content/Materials/Box_Brush_StaticMesh3.ubulk" 579
"C:/Users/Bortok/Documents/GitHub/Project_E/Project_E/Content/Materials/Box_Brush_StaticMesh3.uasset" 580
"C:/Users/Bortok/Documents/GitHub/Project_E/Project_E/Content/Materials/Box_Brush_StaticMesh3.uexp" 581
"C:/Users/Bortok/Documents/GitHub/Project_E/Project_E/Content/Characters/BP_EPawn.uasset" 582
"C:/Users/Bortok/Documents/GitHub/Project_E/Project_E/Content/Characters/BP_EPawn.uexp" 583
"C:/Users/Bortok/Documents/GitHub/Project_E/Project_E/Content/TopDown/Maps/_GENERATED/Bortok/Cylinder_0E7C0031.ubulk" 584
"C:/Users/Bortok/Documents/GitHub/Project_E/Project_E/Content/TopDown/Maps/_GENERATED/Bortok/Cylinder_0E7C0031.uasset" 585
"C:/Users/Bortok/Documents/GitHub/Project_E/Project_E/Content/TopDown/Maps/_GENERATED/Bortok/Cylinder_0E7C0031.uexp" 586
"C:/Users/Bortok/Documents/GitHub/Project_E/Project_E/Content/LevelPrototyping/Textures/T_GridChecker_A.ubulk" 587
"C:/Users/Bortok/Documents/GitHub/Project_E/Project_E/Content/LevelPrototyping/Textures/T_GridChecker_A.uasset" 588
"C:/Users/Bortok/Documents/GitHub/Project_E/Project_E/Content/LevelPrototyping/Textures/T_GridChecker_A.uexp" 589
"../../../Engine/Content/Functions/Engine_MaterialFunctions01/Gradient/LinearGradient.uasset" 590
"../../../Engine/Content/Functions/Engine_MaterialFunctions01/Gradient/LinearGradient.uexp" 591
"../../../Engine/Content/Functions/Engine_MaterialFunctions01/ImageAdjustment/CheapContrast.uasset" 592
"../../../Engine/Content/Functions/Engine_MaterialFunctions01/ImageAdjustment/CheapContrast.uexp" 593
"C:/Users/Bortok/Documents/GitHub/Project_E/Project_E/Content/LevelPrototyping/Materials/MF_ProcGrid.uasset" 594
"C:/Users/Bortok/Documents/GitHub/Project_E/Project_E/Content/LevelPrototyping/Materials/MF_ProcGrid.uexp" 595
"C:/Users/Bortok/Documents/GitHub/Project_E/Project_E/Content/LevelPrototyping/Materials/M_PrototypeGrid.uasset" 596
"C:/Users/Bortok/Documents/GitHub/Project_E/Project_E/Content/LevelPrototyping/Materials/M_PrototypeGrid.uexp" 597
"C:/Users/Bortok/Documents/GitHub/Project_E/Project_E/Content/LevelPrototyping/Materials/MI_PrototypeGrid_Gray.uasset" 598
"C:/Users/Bortok/Documents/GitHub/Project_E/Project_E/Content/LevelPrototyping/Materials/MI_PrototypeGrid_Gray.uexp" 599
"C:/Users/Bortok/Documents/GitHub/Project_E/Project_E/Content/LevelPrototyping/Meshes/SM_Cube.ubulk" 600
"C:/Users/Bortok/Documents/GitHub/Project_E/Project_E/Content/LevelPrototyping/Meshes/SM_Cube.uasset" 601
"C:/Users/Bortok/Documents/GitHub/Project_E/Project_E/Content/LevelPrototyping/Meshes/SM_Cube.uexp" 602
"C:/Users/Bortok/Documents/GitHub/Project_E/Project_E/Content/LevelPrototyping/Materials/MI_PrototypeGrid_TopDark.uasset" 603
"C:/Users/Bortok/Documents/GitHub/Project_E/Project_E/Content/LevelPrototyping/Materials/MI_PrototypeGrid_TopDark.uexp" 604
"C:/Users/Bortok/Documents/GitHub/Project_E/Project_E/Content/LevelPrototyping/Materials/MI_PrototypeGrid_Gray_02.uasset" 605
"C:/Users/Bortok/Documents/GitHub/Project_E/Project_E/Content/LevelPrototyping/Materials/MI_PrototypeGrid_Gray_02.uexp" 606
"C:/Users/Bortok/Documents/GitHub/Project_E/Project_E/Content/LevelPrototyping/Meshes/SM_Ramp.ubulk" 607
"C:/Users/Bortok/Documents/GitHub/Project_E/Project_E/Content/LevelPrototyping/Meshes/SM_Ramp.uasset" 608
"C:/Users/Bortok/Documents/GitHub/Project_E/Project_E/Content/LevelPrototyping/Meshes/SM_Ramp.uexp" 609
"C:/Users/Bortok/Documents/GitHub/Project_E/Project_E/Content/LevelPrototyping/Meshes/SM_QuarterCylinder.ubulk" 610
"C:/Users/Bortok/Documents/GitHub/Project_E/Project_E/Content/LevelPrototyping/Meshes/SM_QuarterCylinder.uasset" 611
"C:/Users/Bortok/Documents/GitHub/Project_E/Project_E/Content/LevelPrototyping/Meshes/SM_QuarterCylinder.uexp" 612
"C:/Users/Bortok/Documents/GitHub/Project_E/Project_E/Content/LevelPrototyping/Meshes/SM_Cylinder.ubulk" 613
"C:/Users/Bortok/Documents/GitHub/Project_E/Project_E/Content/LevelPrototyping/Meshes/SM_Cylinder.uasset" 614
"C:/Users/Bortok/Documents/GitHub/Project_E/Project_E/Content/LevelPrototyping/Meshes/SM_Cylinder.uexp" 615
"C:/Users/Bortok/Documents/GitHub/Project_E/Project_E/Content/LevelPrototyping/Materials/M_Solid.uasset" 616
"C:/Users/Bortok/Documents/GitHub/Project_E/Project_E/Content/LevelPrototyping/Materials/M_Solid.uexp" 617
"C:/Users/Bortok/Documents/GitHub/Project_E/Project_E/Content/LevelPrototyping/Materials/MI_Solid_Blue.uasset" 618
"C:/Users/Bortok/Documents/GitHub/Project_E/Project_E/Content/LevelPrototyping/Materials/MI_Solid_Blue.uexp" 619
"C:/Users/Bortok/Documents/GitHub/Project_E/Project_E/Content/LevelPrototyping/Meshes/SM_ChamferCube.ubulk" 620
"C:/Users/Bortok/Documents/GitHub/Project_E/Project_E/Content/LevelPrototyping/Meshes/SM_ChamferCube.uasset" 621
"C:/Users/Bortok/Documents/GitHub/Project_E/Project_E/Content/LevelPrototyping/Meshes/SM_ChamferCube.uexp" 622
"C:/Users/Bortok/Documents/GitHub/Project_E/Project_E/Content/LevelPrototyping/Preset/BP_SimpleTeleporter.uasset" 623
"C:/Users/Bortok/Documents/GitHub/Project_E/Project_E/Content/LevelPrototyping/Preset/BP_SimpleTeleporter.uexp" 624
"C:/Users/Bortok/Documents/GitHub/Project_E/Project_E/Content/Maps/_GENERATED/Bortok/Box_DE6C8E2B.ubulk" 625
"C:/Users/Bortok/Documents/GitHub/Project_E/Project_E/Content/Maps/_GENERATED/Bortok/Box_DE6C8E2B.uasset" 626
"C:/Users/Bortok/Documents/GitHub/Project_E/Project_E/Content/Maps/_GENERATED/Bortok/Box_DE6C8E2B.uexp" 627
"C:/Users/Bortok/Documents/GitHub/Project_E/Project_E/Content/Maps/_GENERATED/Bortok/Box_D6346DC0.ubulk" 628
"C:/Users/Bortok/Documents/GitHub/Project_E/Project_E/Content/Maps/_GENERATED/Bortok/Box_D6346DC0.uasset" 629
"C:/Users/Bortok/Documents/GitHub/Project_E/Project_E/Content/Maps/_GENERATED/Bortok/Box_D6346DC0.uexp" 630
"C:/Users/Bortok/Documents/GitHub/Project_E/Project_E/Content/Maps/_GENERATED/Bortok/Box_6B255923.ubulk" 631
"C:/Users/Bortok/Documents/GitHub/Project_E/Project_E/Content/Maps/_GENERATED/Bortok/Box_6B255923.uasset" 632
"C:/Users/Bortok/Documents/GitHub/Project_E/Project_E/Content/Maps/_GENERATED/Bortok/Box_6B255923.uexp" 633
"C:/Users/Bortok/Documents/GitHub/Project_E/Project_E/Content/Maps/_GENERATED/Bortok/Box_47891A65.ubulk" 634
"C:/Users/Bortok/Documents/GitHub/Project_E/Project_E/Content/Maps/_GENERATED/Bortok/Box_47891A65.uasset" 635
"C:/Users/Bortok/Documents/GitHub/Project_E/Project_E/Content/Maps/_GENERATED/Bortok/Box_47891A65.uexp" 636
"C:/Users/Bortok/Documents/GitHub/Project_E/Project_E/Content/PickUp/Sphere_StaticMesh.ubulk" 637
"C:/Users/Bortok/Documents/GitHub/Project_E/Project_E/Content/PickUp/Sphere_StaticMesh.uasset" 638
"C:/Users/Bortok/Documents/GitHub/Project_E/Project_E/Content/PickUp/Sphere_StaticMesh.uexp" 639
"C:/Users/Bortok/Documents/GitHub/Project_E/Project_E/Content/PickUp/MI_PickUp.uasset" 640
"C:/Users/Bortok/Documents/GitHub/Project_E/Project_E/Content/PickUp/MI_PickUp.uexp" 641
"C:/Users/Bortok/Documents/GitHub/Project_E/Project_E/Content/PickUp/BP_PickUp.uasset" 642
"C:/Users/Bortok/Documents/GitHub/Project_E/Project_E/Content/PickUp/BP_PickUp.uexp" 643
"C:/Users/Bortok/Documents/GitHub/Project_E/Project_E/Content/TopDown/Maps/TopDownMap_BuiltData.ubulk" 644
"C:/Users/Bortok/Documents/GitHub/Project_E/Project_E/Content/TopDown/Maps/TopDownMap_BuiltData.uasset" 645
"C:/Users/Bortok/Documents/GitHub/Project_E/Project_E/Content/TopDown/Maps/TopDownMap_BuiltData.uexp" 646
"C:/Users/Bortok/Documents/GitHub/Project_E/Project_E/Content/TopDown/Maps/_GENERATED/Bortok/Stairs_DF696128.ubulk" 647
"C:/Users/Bortok/Documents/GitHub/Project_E/Project_E/Content/TopDown/Maps/_GENERATED/Bortok/Stairs_DF696128.uasset" 648
"C:/Users/Bortok/Documents/GitHub/Project_E/Project_E/Content/TopDown/Maps/_GENERATED/Bortok/Stairs_DF696128.uexp" 649
"C:/Users/Bortok/Documents/GitHub/Project_E/Project_E/Content/TopDown/Maps/_GENERATED/Bortok/Stairs_0843FFB6.ubulk" 650
"C:/Users/Bortok/Documents/GitHub/Project_E/Project_E/Content/TopDown/Maps/_GENERATED/Bortok/Stairs_0843FFB6.uasset" 651
"C:/Users/Bortok/Documents/GitHub/Project_E/Project_E/Content/TopDown/Maps/_GENERATED/Bortok/Stairs_0843FFB6.uexp" 652
"C:/Users/Bortok/Documents/GitHub/Project_E/Project_E/Content/TopDown/Maps/_GENERATED/Bortok/Cylinder_FDB9C9C8.ubulk" 653
"C:/Users/Bortok/Documents/GitHub/Project_E/Project_E/Content/TopDown/Maps/_GENERATED/Bortok/Cylinder_FDB9C9C8.uasset" 654
"C:/Users/Bortok/Documents/GitHub/Project_E/Project_E/Content/TopDown/Maps/_GENERATED/Bortok/Cylinder_FDB9C9C8.uexp" 655
"C:/Users/Bortok/Documents/GitHub/Project_E/Project_E/Content/TopDown/Maps/_GENERATED/Bortok/Cylinder_EB1C1CDC.ubulk" 656
"C:/Users/Bortok/Documents/GitHub/Project_E/Project_E/Content/TopDown/Maps/_GENERATED/Bortok/Cylinder_EB1C1CDC.uasset" 657
"C:/Users/Bortok/Documents/GitHub/Project_E/Project_E/Content/TopDown/Maps/_GENERATED/Bortok/Cylinder_EB1C1CDC.uexp" 658
"C:/Users/Bortok/Documents/GitHub/Project_E/Project_E/Content/TopDown/Maps/_GENERATED/Bortok/Cylinder_DF7E9FB6.ubulk" 659
"C:/Users/Bortok/Documents/GitHub/Project_E/Project_E/Content/TopDown/Maps/_GENERATED/Bortok/Cylinder_DF7E9FB6.uasset" 660
"C:/Users/Bortok/Documents/GitHub/Project_E/Project_E/Content/TopDown/Maps/_GENERATED/Bortok/Cylinder_DF7E9FB6.uexp" 661
"C:/Users/Bortok/Documents/GitHub/Project_E/Project_E/Content/TopDown/Maps/_GENERATED/Bortok/Cylinder_C46F8A7E.ubulk" 662
"C:/Users/Bortok/Documents/GitHub/Project_E/Project_E/Content/TopDown/Maps/_GENERATED/Bortok/Cylinder_C46F8A7E.uasset" 663
"C:/Users/Bortok/Documents/GitHub/Project_E/Project_E/Content/TopDown/Maps/_GENERATED/Bortok/Cylinder_C46F8A7E.uexp" 664
"C:/Users/Bortok/Documents/GitHub/Project_E/Project_E/Content/TopDown/Maps/_GENERATED/Bortok/Cylinder_9F408F2B.ubulk" 665
"C:/Users/Bortok/Documents/GitHub/Project_E/Project_E/Content/TopDown/Maps/_GENERATED/Bortok/Cylinder_9F408F2B.uasset" 666
"C:/Users/Bortok/Documents/GitHub/Project_E/Project_E/Content/TopDown/Maps/_GENERATED/Bortok/Cylinder_9F408F2B.uexp" 667
"C:/Users/Bortok/Documents/GitHub/Project_E/Project_E/Content/TopDown/Maps/_GENERATED/Bortok/Cylinder_99EBCE2A.ubulk" 668
"C:/Users/Bortok/Documents/GitHub/Project_E/Project_E/Content/TopDown/Maps/_GENERATED/Bortok/Cylinder_99EBCE2A.uasset" 669
"C:/Users/Bortok/Documents/GitHub/Project_E/Project_E/Content/TopDown/Maps/_GENERATED/Bortok/Cylinder_99EBCE2A.uexp" 670
"C:/Users/Bortok/Documents/GitHub/Project_E/Project_E/Content/TopDown/Maps/_GENERATED/Bortok/Cylinder_4A184749.ubulk" 671
"C:/Users/Bortok/Documents/GitHub/Project_E/Project_E/Content/TopDown/Maps/_GENERATED/Bortok/Cylinder_4A184749.uasset" 672
"C:/Users/Bortok/Documents/GitHub/Project_E/Project_E/Content/TopDown/Maps/_GENERATED/Bortok/Cylinder_4A184749.uexp" 673
"C:/Users/Bortok/Documents/GitHub/Project_E/Project_E/Content/TopDown/Maps/_GENERATED/Bortok/Cylinder_434F1557.ubulk" 674
"C:/Users/Bortok/Documents/GitHub/Project_E/Project_E/Content/TopDown/Maps/_GENERATED/Bortok/Cylinder_434F1557.uasset" 675
"C:/Users/Bortok/Documents/GitHub/Project_E/Project_E/Content/TopDown/Maps/_GENERATED/Bortok/Cylinder_434F1557.uexp" 676
"C:/Users/Bortok/Documents/GitHub/Project_E/Project_E/Content/TopDown/Maps/_GENERATED/Bortok/Cylinder_2B9C30D2.ubulk" 677
"C:/Users/Bortok/Documents/GitHub/Project_E/Project_E/Content/TopDown/Maps/_GENERATED/Bortok/Cylinder_2B9C30D2.uasset" 678
"C:/Users/Bortok/Documents/GitHub/Project_E/Project_E/Content/TopDown/Maps/_GENERATED/Bortok/Cylinder_2B9C30D2.uexp" 679
"C:/Users/Bortok/Documents/GitHub/Project_E/Project_E/Content/TopDown/Maps/_GENERATED/Bortok/Cylinder_1A8C7FBF.ubulk" 680
"C:/Users/Bortok/Documents/GitHub/Project_E/Project_E/Content/TopDown/Maps/_GENERATED/Bortok/Cylinder_1A8C7FBF.uasset" 681
"C:/Users/Bortok/Documents/GitHub/Project_E/Project_E/Content/TopDown/Maps/_GENERATED/Bortok/Cylinder_1A8C7FBF.uexp" 682
"C:/Users/Bortok/Documents/GitHub/Project_E/Project_E/Content/TopDown/Maps/_GENERATED/Bortok/Cylinder_1A69599A.ubulk" 683
"C:/Users/Bortok/Documents/GitHub/Project_E/Project_E/Content/TopDown/Maps/_GENERATED/Bortok/Cylinder_1A69599A.uasset" 684
"C:/Users/Bortok/Documents/GitHub/Project_E/Project_E/Content/TopDown/Maps/_GENERATED/Bortok/Cylinder_1A69599A.uexp" 685
"C:/Users/Bortok/Documents/GitHub/Project_E/Project_E/Content/TopDown/Maps/_GENERATED/Bortok/CubeGridToolOutput_D9357DB8.ubulk" 686
"C:/Users/Bortok/Documents/GitHub/Project_E/Project_E/Content/TopDown/Maps/_GENERATED/Bortok/CubeGridToolOutput_D9357DB8.uasset" 687
"C:/Users/Bortok/Documents/GitHub/Project_E/Project_E/Content/TopDown/Maps/_GENERATED/Bortok/CubeGridToolOutput_D9357DB8.uexp" 688
"C:/Users/Bortok/Documents/GitHub/Project_E/Project_E/Content/TopDown/Maps/_GENERATED/Bortok/CubeGridToolOutput_BCAF5E61.ubulk" 689
"C:/Users/Bortok/Documents/GitHub/Project_E/Project_E/Content/TopDown/Maps/_GENERATED/Bortok/CubeGridToolOutput_BCAF5E61.uasset" 690
"C:/Users/Bortok/Documents/GitHub/Project_E/Project_E/Content/TopDown/Maps/_GENERATED/Bortok/CubeGridToolOutput_BCAF5E61.uexp" 691
"C:/Users/Bortok/Documents/GitHub/Project_E/Project_E/Content/TopDown/Maps/_GENERATED/Bortok/CubeGridToolOutput_06A7129B.ubulk" 692
"C:/Users/Bortok/Documents/GitHub/Project_E/Project_E/Content/TopDown/Maps/_GENERATED/Bortok/CubeGridToolOutput_06A7129B.uasset" 693
"C:/Users/Bortok/Documents/GitHub/Project_E/Project_E/Content/TopDown/Maps/_GENERATED/Bortok/CubeGridToolOutput_06A7129B.uexp" 694
"C:/Users/Bortok/Documents/GitHub/Project_E/Project_E/Content/TopDown/Maps/_GENERATED/Bortok/Box_F79236D3.ubulk" 695
"C:/Users/Bortok/Documents/GitHub/Project_E/Project_E/Content/TopDown/Maps/_GENERATED/Bortok/Box_F79236D3.uasset" 696
"C:/Users/Bortok/Documents/GitHub/Project_E/Project_E/Content/TopDown/Maps/_GENERATED/Bortok/Box_F79236D3.uexp" 697
"C:/Users/Bortok/Documents/GitHub/Project_E/Project_E/Content/TopDown/Maps/_GENERATED/Bortok/Box_DE529C37.ubulk" 698
"C:/Users/Bortok/Documents/GitHub/Project_E/Project_E/Content/TopDown/Maps/_GENERATED/Bortok/Box_DE529C37.uasset" 699
"C:/Users/Bortok/Documents/GitHub/Project_E/Project_E/Content/TopDown/Maps/_GENERATED/Bortok/Box_DE529C37.uexp" 700
"C:/Users/Bortok/Documents/GitHub/Project_E/Project_E/Content/TopDown/Maps/_GENERATED/Bortok/Box_C1A61DE8.ubulk" 701
"C:/Users/Bortok/Documents/GitHub/Project_E/Project_E/Content/TopDown/Maps/_GENERATED/Bortok/Box_C1A61DE8.uasset" 702
"C:/Users/Bortok/Documents/GitHub/Project_E/Project_E/Content/TopDown/Maps/_GENERATED/Bortok/Box_C1A61DE8.uexp" 703
"C:/Users/Bortok/Documents/GitHub/Project_E/Project_E/Content/TopDown/Maps/_GENERATED/Bortok/Box_A332FB76.ubulk" 704
"C:/Users/Bortok/Documents/GitHub/Project_E/Project_E/Content/TopDown/Maps/_GENERATED/Bortok/Box_A332FB76.uasset" 705
"C:/Users/Bortok/Documents/GitHub/Project_E/Project_E/Content/TopDown/Maps/_GENERATED/Bortok/Box_A332FB76.uexp" 706
"C:/Users/Bortok/Documents/GitHub/Project_E/Project_E/Content/TopDown/Maps/_GENERATED/Bortok/Box_5463EE76.ubulk" 707
"C:/Users/Bortok/Documents/GitHub/Project_E/Project_E/Content/TopDown/Maps/_GENERATED/Bortok/Box_5463EE76.uasset" 708
"C:/Users/Bortok/Documents/GitHub/Project_E/Project_E/Content/TopDown/Maps/_GENERATED/Bortok/Box_5463EE76.uexp" 709
"C:/Users/Bortok/Documents/GitHub/Project_E/Project_E/Content/TopDown/Maps/_GENERATED/Bortok/Box_427D938E.ubulk" 710
"C:/Users/Bortok/Documents/GitHub/Project_E/Project_E/Content/TopDown/Maps/_GENERATED/Bortok/Box_427D938E.uasset" 711
"C:/Users/Bortok/Documents/GitHub/Project_E/Project_E/Content/TopDown/Maps/_GENERATED/Bortok/Box_427D938E.uexp" 712
"C:/Users/Bortok/Documents/GitHub/Project_E/Project_E/Content/TopDown/Maps/_GENERATED/Bortok/Box_227DC23D.ubulk" 713
"C:/Users/Bortok/Documents/GitHub/Project_E/Project_E/Content/TopDown/Maps/_GENERATED/Bortok/Box_227DC23D.uasset" 714
"C:/Users/Bortok/Documents/GitHub/Project_E/Project_E/Content/TopDown/Maps/_GENERATED/Bortok/Box_227DC23D.uexp" 715
"C:/Users/Bortok/Documents/GitHub/Project_E/Project_E/Content/TopDown/Maps/_GENERATED/Bortok/Box_1BD9F162.ubulk" 716
"C:/Users/Bortok/Documents/GitHub/Project_E/Project_E/Content/TopDown/Maps/_GENERATED/Bortok/Box_1BD9F162.uasset" 717
"C:/Users/Bortok/Documents/GitHub/Project_E/Project_E/Content/TopDown/Maps/_GENERATED/Bortok/Box_1BD9F162.uexp" 718
"C:/Users/Bortok/Documents/GitHub/Project_E/Project_E/Content/TopDown/Maps/_GENERATED/Bortok/Box_147946B2.ubulk" 719
"C:/Users/Bortok/Documents/GitHub/Project_E/Project_E/Content/TopDown/Maps/_GENERATED/Bortok/Box_147946B2.uasset" 720
"C:/Users/Bortok/Documents/GitHub/Project_E/Project_E/Content/TopDown/Maps/_GENERATED/Bortok/Box_147946B2.uexp" 721
"../../../Engine/Content/Maps/Entry_BuiltData.uasset" 722
"../../../Engine/Content/Maps/Entry_BuiltData.uexp" 723
"../../../Engine/Content/Maps/Entry.uexp" 724
"../../../Engine/Content/Maps/Entry.umap" 725
"C:/Users/Bortok/Documents/GitHub/Project_E/Project_E/Content/Maps/_GENERATED/Bortok/Cylinder_6C85A0BC.ubulk" 726
"C:/Users/Bortok/Documents/GitHub/Project_E/Project_E/Content/Maps/_GENERATED/Bortok/Cylinder_6C85A0BC.uasset" 727
"C:/Users/Bortok/Documents/GitHub/Project_E/Project_E/Content/Maps/_GENERATED/Bortok/Cylinder_6C85A0BC.uexp" 728
"C:/Users/Bortok/Documents/GitHub/Project_E/Project_E/Content/Maps/_GENERATED/Bortok/Cylinder_E25CD103.ubulk" 729
"C:/Users/Bortok/Documents/GitHub/Project_E/Project_E/Content/Maps/_GENERATED/Bortok/Cylinder_E25CD103.uasset" 730
"C:/Users/Bortok/Documents/GitHub/Project_E/Project_E/Content/Maps/_GENERATED/Bortok/Cylinder_E25CD103.uexp" 731
"C:/Users/Bortok/Documents/GitHub/Project_E/Project_E/Content/Maps/_GENERATED/Bortok/Cylinder_E1962D87.ubulk" 732
"C:/Users/Bortok/Documents/GitHub/Project_E/Project_E/Content/Maps/_GENERATED/Bortok/Cylinder_E1962D87.uasset" 733
"C:/Users/Bortok/Documents/GitHub/Project_E/Project_E/Content/Maps/_GENERATED/Bortok/Cylinder_E1962D87.uexp" 734
"C:/Users/Bortok/Documents/GitHub/Project_E/Project_E/Content/Maps/_GENERATED/Bortok/Cylinder_79140F0D.ubulk" 735
"C:/Users/Bortok/Documents/GitHub/Project_E/Project_E/Content/Maps/_GENERATED/Bortok/Cylinder_79140F0D.uasset" 736
"C:/Users/Bortok/Documents/GitHub/Project_E/Project_E/Content/Maps/_GENERATED/Bortok/Cylinder_79140F0D.uexp" 737
"C:/Users/Bortok/Documents/GitHub/Project_E/Project_E/Content/Maps/_GENERATED/Bortok/Cylinder_AF89886A.ubulk" 738
"C:/Users/Bortok/Documents/GitHub/Project_E/Project_E/Content/Maps/_GENERATED/Bortok/Cylinder_AF89886A.uasset" 739
"C:/Users/Bortok/Documents/GitHub/Project_E/Project_E/Content/Maps/_GENERATED/Bortok/Cylinder_AF89886A.uexp" 740
"C:/Users/Bortok/Documents/GitHub/Project_E/Project_E/Content/Maps/_GENERATED/Bortok/Arrow_5B7C7C8D.ubulk" 741
"C:/Users/Bortok/Documents/GitHub/Project_E/Project_E/Content/Maps/_GENERATED/Bortok/Arrow_5B7C7C8D.uasset" 742
"C:/Users/Bortok/Documents/GitHub/Project_E/Project_E/Content/Maps/_GENERATED/Bortok/Arrow_5B7C7C8D.uexp" 743
"C:/Users/Bortok/Documents/GitHub/Project_E/Project_E/Content/Maps/_GENERATED/Bortok/CubeGridToolOutput_CC6D4362.ubulk" 744
"C:/Users/Bortok/Documents/GitHub/Project_E/Project_E/Content/Maps/_GENERATED/Bortok/CubeGridToolOutput_CC6D4362.uasset" 745
"C:/Users/Bortok/Documents/GitHub/Project_E/Project_E/Content/Maps/_GENERATED/Bortok/CubeGridToolOutput_CC6D4362.uexp" 746
"../../../Engine/Content/EngineSky/T_Sky_Stars.ubulk" 747
"../../../Engine/Content/EngineSky/T_Sky_Stars.uasset" 748
"../../../Engine/Content/EngineSky/T_Sky_Stars.uexp" 749
"../../../Engine/Content/EngineSky/T_Sky_Clouds_M.ubulk" 750
"../../../Engine/Content/EngineSky/T_Sky_Clouds_M.uasset" 751
"../../../Engine/Content/EngineSky/T_Sky_Clouds_M.uexp" 752
"../../../Engine/Content/EngineSky/T_Sky_Blue.ubulk" 753
"../../../Engine/Content/EngineSky/T_Sky_Blue.uasset" 754
"../../../Engine/Content/EngineSky/T_Sky_Blue.uexp" 755
"../../../Engine/Content/EngineSky/M_Sky_Panning_Clouds2.uasset" 756
"../../../Engine/Content/EngineSky/M_Sky_Panning_Clouds2.uexp" 757
"../../../Engine/Content/EngineSky/SM_SkySphere.ubulk" 758
"../../../Engine/Content/EngineSky/SM_SkySphere.uasset" 759
"../../../Engine/Content/EngineSky/SM_SkySphere.uexp" 760
"C:/Users/Bortok/Documents/GitHub/Project_E/Project_E/Content/Maps/_GENERATED/Bortok/Cylinder_BA395947.ubulk" 761
"C:/Users/Bortok/Documents/GitHub/Project_E/Project_E/Content/Maps/_GENERATED/Bortok/Cylinder_BA395947.uasset" 762
"C:/Users/Bortok/Documents/GitHub/Project_E/Project_E/Content/Maps/_GENERATED/Bortok/Cylinder_BA395947.uexp" 763
"C:/Users/Bortok/Documents/GitHub/Project_E/Project_E/Content/Maps/_GENERATED/Bortok/CubeGridToolOutput_19EFB2E6.ubulk" 764
"C:/Users/Bortok/Documents/GitHub/Project_E/Project_E/Content/Maps/_GENERATED/Bortok/CubeGridToolOutput_19EFB2E6.uasset" 765
"C:/Users/Bortok/Documents/GitHub/Project_E/Project_E/Content/Maps/_GENERATED/Bortok/CubeGridToolOutput_19EFB2E6.uexp" 766
"C:/Users/Bortok/Documents/GitHub/Project_E/Project_E/Content/Maps/_GENERATED/Bortok/Cylinder_89CD6B89.ubulk" 767
"C:/Users/Bortok/Documents/GitHub/Project_E/Project_E/Content/Maps/_GENERATED/Bortok/Cylinder_89CD6B89.uasset" 768
"C:/Users/Bortok/Documents/GitHub/Project_E/Project_E/Content/Maps/_GENERATED/Bortok/Cylinder_89CD6B89.uexp" 769
"C:/Users/Bortok/Documents/GitHub/Project_E/Project_E/Content/Maps/_GENERATED/Bortok/Cylinder_40E6C75F.ubulk" 770
"C:/Users/Bortok/Documents/GitHub/Project_E/Project_E/Content/Maps/_GENERATED/Bortok/Cylinder_40E6C75F.uasset" 771
"C:/Users/Bortok/Documents/GitHub/Project_E/Project_E/Content/Maps/_GENERATED/Bortok/Cylinder_40E6C75F.uexp" 772
"C:/Users/Bortok/Documents/GitHub/Project_E/Project_E/Content/Maps/_GENERATED/Bortok/Cylinder_A5981D81.ubulk" 773
"C:/Users/Bortok/Documents/GitHub/Project_E/Project_E/Content/Maps/_GENERATED/Bortok/Cylinder_A5981D81.uasset" 774
"C:/Users/Bortok/Documents/GitHub/Project_E/Project_E/Content/Maps/_GENERATED/Bortok/Cylinder_A5981D81.uexp" 775
"C:/Users/Bortok/Documents/GitHub/Project_E/Project_E/Content/Maps/_GENERATED/Bortok/Cylinder_1905CF33.ubulk" 776
"C:/Users/Bortok/Documents/GitHub/Project_E/Project_E/Content/Maps/_GENERATED/Bortok/Cylinder_1905CF33.uasset" 777
"C:/Users/Bortok/Documents/GitHub/Project_E/Project_E/Content/Maps/_GENERATED/Bortok/Cylinder_1905CF33.uexp" 778
"C:/Users/Bortok/Documents/GitHub/Project_E/Project_E/Content/Maps/_GENERATED/Bortok/CubeGridToolOutput_B05E6B5E.ubulk" 779
"C:/Users/Bortok/Documents/GitHub/Project_E/Project_E/Content/Maps/_GENERATED/Bortok/CubeGridToolOutput_B05E6B5E.uasset" 780
"C:/Users/Bortok/Documents/GitHub/Project_E/Project_E/Content/Maps/_GENERATED/Bortok/CubeGridToolOutput_B05E6B5E.uexp" 781
"C:/Users/Bortok/Documents/GitHub/Project_E/Project_E/Content/Maps/_GENERATED/Bortok/Cylinder_0FBE557E.ubulk" 782
"C:/Users/Bortok/Documents/GitHub/Project_E/Project_E/Content/Maps/_GENERATED/Bortok/Cylinder_0FBE557E.uasset" 783
"C:/Users/Bortok/Documents/GitHub/Project_E/Project_E/Content/Maps/_GENERATED/Bortok/Cylinder_0FBE557E.uexp" 784
"../../../Engine/Content/EngineSky/M_SimpleSkyDome.uasset" 785
"../../../Engine/Content/EngineSky/M_SimpleSkyDome.uexp" 786
"C:/Users/Bortok/Documents/GitHub/Project_E/Project_E/Content/Maps/_GENERATED/Bortok/Cylinder_9DD177A5.ubulk" 787
"C:/Users/Bortok/Documents/GitHub/Project_E/Project_E/Content/Maps/_GENERATED/Bortok/Cylinder_9DD177A5.uasset" 788
"C:/Users/Bortok/Documents/GitHub/Project_E/Project_E/Content/Maps/_GENERATED/Bortok/Cylinder_9DD177A5.uexp" 789
"C:/Users/Bortok/Documents/GitHub/Project_E/Project_E/Content/Maps/_GENERATED/Bortok/Cylinder_05E12764.ubulk" 790
"C:/Users/Bortok/Documents/GitHub/Project_E/Project_E/Content/Maps/_GENERATED/Bortok/Cylinder_05E12764.uasset" 791
"C:/Users/Bortok/Documents/GitHub/Project_E/Project_E/Content/Maps/_GENERATED/Bortok/Cylinder_05E12764.uexp" 792
"C:/Users/Bortok/Documents/GitHub/Project_E/Project_E/Content/Maps/_GENERATED/Bortok/Cylinder_505BBBFF.ubulk" 793
"C:/Users/Bortok/Documents/GitHub/Project_E/Project_E/Content/Maps/_GENERATED/Bortok/Cylinder_505BBBFF.uasset" 794
"C:/Users/Bortok/Documents/GitHub/Project_E/Project_E/Content/Maps/_GENERATED/Bortok/Cylinder_505BBBFF.uexp" 795
"C:/Users/Bortok/Documents/GitHub/Project_E/Project_E/Content/Maps/_GENERATED/Bortok/CubeGridToolOutput_E159AE46.ubulk" 796
"C:/Users/Bortok/Documents/GitHub/Project_E/Project_E/Content/Maps/_GENERATED/Bortok/CubeGridToolOutput_E159AE46.uasset" 797
"C:/Users/Bortok/Documents/GitHub/Project_E/Project_E/Content/Maps/_GENERATED/Bortok/CubeGridToolOutput_E159AE46.uexp" 798
"C:/Users/Bortok/Documents/GitHub/Project_E/Project_E/Content/Maps/PresentationMap.uexp" 799
"C:/Users/Bortok/Documents/GitHub/Project_E/Project_E/Content/Maps/PresentationMap.umap" 800
"../../../Engine/Content/Maps/Templates/HLODs/HLODLayer_Instanced.uasset" 801
"../../../Engine/Content/Maps/Templates/HLODs/HLODLayer_Instanced.uexp" 802
"C:/Users/Bortok/Documents/GitHub/Project_E/Project_E/Content/TopDown/Maps/TopDownMap.uexp" 803
"C:/Users/Bortok/Documents/GitHub/Project_E/Project_E/Content/TopDown/Maps/TopDownMap.umap" 804
